[2026-06-14T14:35:57.959Z] GET https://italy-houses.onrender.com/ → 200 (218ms, 10172B)
[2026-06-14T14:35:58.192Z] GET https://italy-houses.onrender.com/api/outline → pending (?ms, ?B)
[2026-06-14T14:35:58.445Z] GET https://italy-houses.onrender.com/api/listings → 404 (133ms, 10B)
[2026-06-14T14:38:04.772Z] GET https://italy-houses.onrender.com/ → 200 (193ms, 10172B)
[2026-06-14T14:38:04.970Z] GET https://italy-houses.onrender.com/api/outline → 200 (136ms, 11486B)
[2026-06-14T14:38:05.109Z] GET https://italy-houses.onrender.com/api/listings → 200 (264ms, ?B)
[2026-06-14T14:38:05.510Z] GET https://italy-houses.onrender.com/img/32157276/0 → pending (?ms, ?B)
[2026-06-14T14:38:05.510Z] GET https://italy-houses.onrender.com/img/20459556/0 → pending (?ms, ?B)
[2026-06-14T14:38:05.510Z] GET https://italy-houses.onrender.com/img/102948/0 → pending (?ms, ?B)
[2026-06-14T14:38:05.511Z] GET https://italy-houses.onrender.com/img/28867319/0 → pending (?ms, ?B)
[2026-06-14T14:38:05.511Z] GET https://italy-houses.onrender.com/img/35581453/0 → pending (?ms, ?B)
[2026-06-14T14:38:05.511Z] GET https://italy-houses.onrender.com/img/32756489/0 → pending (?ms, ?B)
[2026-06-14T14:38:05.511Z] GET https://italy-houses.onrender.com/img/27775756/0 → pending (?ms, ?B)
[2026-06-14T14:38:05.511Z] GET https://italy-houses.onrender.com/img/28357037/0 → pending (?ms, ?B)
[2026-06-14T14:38:05.511Z] GET https://italy-houses.onrender.com/img/35462624/0 → pending (?ms, ?B)
[2026-06-14T14:38:05.511Z] GET https://italy-houses.onrender.com/img/31378603/0 → pending (?ms, ?B)
[2026-06-14T14:38:05.511Z] GET https://italy-houses.onrender.com/img/34194777/0 → pending (?ms, ?B)
[2026-06-14T14:38:05.511Z] GET https://italy-houses.onrender.com/img/33375799/0 → pending (?ms, ?B)
[2026-06-14T14:38:05.511Z] GET https://italy-houses.onrender.com/img/24582800/0 → pending (?ms, ?B)
[2026-06-14T14:38:05.511Z] GET https://italy-houses.onrender.com/img/25240650/0 → pending (?ms, ?B)
[2026-06-14T14:38:05.511Z] GET https://italy-houses.onrender.com/img/30036013/0 → pending (?ms, ?B)
[2026-06-14T14:38:05.511Z] GET https://italy-houses.onrender.com/img/31588903/0 → pending (?ms, ?B)
[2026-06-14T14:38:05.511Z] GET https://italy-houses.onrender.com/img/30347283/0 → pending (?ms, ?B)
[2026-06-14T14:38:05.511Z] GET https://italy-houses.onrender.com/img/24114539/0 → pending (?ms, ?B)
[2026-06-14T14:38:37.825Z] GET https://italy-houses.onrender.com/ → 200 (138ms, 10172B)
[2026-06-14T14:38:37.969Z] GET https://italy-houses.onrender.com/api/outline → 200 (141ms, 11486B)
[2026-06-14T14:38:38.113Z] GET https://italy-houses.onrender.com/api/listings → 200 (273ms, ?B)
[2026-06-14T14:38:38.516Z] GET https://italy-houses.onrender.com/img/32157276/0 → 200 (?ms, 451206B)
[2026-06-14T14:38:38.516Z] GET https://italy-houses.onrender.com/img/20459556/0 → 200 (1ms, 170681B)
[2026-06-14T14:38:38.517Z] GET https://italy-houses.onrender.com/img/102948/0 → 200 (?ms, 229063B)
[2026-06-14T14:38:38.518Z] GET https://italy-houses.onrender.com/img/28867319/0 → 200 (?ms, 531656B)
[2026-06-14T14:38:38.518Z] GET https://italy-houses.onrender.com/img/35581453/0 → 200 (?ms, 279311B)
[2026-06-14T14:38:38.521Z] GET https://italy-houses.onrender.com/img/32756489/0 → 200 (?ms, 476358B)
[2026-06-14T14:38:38.521Z] GET https://italy-houses.onrender.com/img/27775756/0 → 200 (?ms, 530645B)
[2026-06-14T14:38:38.522Z] GET https://italy-houses.onrender.com/img/28357037/0 → 200 (?ms, 594279B)
[2026-06-14T14:38:38.522Z] GET https://italy-houses.onrender.com/img/35462624/0 → 200 (?ms, 823204B)
[2026-06-14T14:38:38.522Z] GET https://italy-houses.onrender.com/img/31378603/0 → 200 (?ms, 319444B)
[2026-06-14T14:38:38.522Z] GET https://italy-houses.onrender.com/img/34194777/0 → 200 (?ms, 247656B)
[2026-06-14T14:38:38.523Z] GET https://italy-houses.onrender.com/img/33375799/0 → 200 (?ms, 494640B)
[2026-06-14T14:38:38.523Z] GET https://italy-houses.onrender.com/img/24582800/0 → 200 (?ms, 339313B)
[2026-06-14T14:38:38.523Z] GET https://italy-houses.onrender.com/img/25240650/0 → 200 (?ms, 744864B)
[2026-06-14T14:38:38.524Z] GET https://italy-houses.onrender.com/img/30036013/0 → 200 (?ms, 673278B)
[2026-06-14T14:38:38.524Z] GET https://italy-houses.onrender.com/img/31588903/0 → 200 (?ms, 222804B)
[2026-06-14T14:38:38.524Z] GET https://italy-houses.onrender.com/img/30347283/0 → 200 (?ms, 407136B)
[2026-06-14T14:38:38.524Z] GET https://italy-houses.onrender.com/img/24114539/0 → 200 (?ms, 339938B)
[2026-06-14T14:44:01.136Z] GET https://italy-houses.onrender.com/ → 200 (383ms, 10172B)
[2026-06-14T14:44:01.526Z] GET https://italy-houses.onrender.com/api/outline → pending (?ms, ?B)
[2026-06-14T14:44:01.672Z] GET https://italy-houses.onrender.com/api/listings → 200 (202ms, 461506B)
[2026-06-14T14:44:01.955Z] GET https://italy-houses.onrender.com/img/32157276/0 → 200 (?ms, 451206B)
[2026-06-14T14:44:01.955Z] GET https://italy-houses.onrender.com/img/20459556/0 → 200 (?ms, 170681B)
[2026-06-14T14:44:01.955Z] GET https://italy-houses.onrender.com/img/102948/0 → 200 (?ms, 229063B)
[2026-06-14T14:44:01.955Z] GET https://italy-houses.onrender.com/img/28867319/0 → 200 (?ms, 531656B)
[2026-06-14T14:44:01.955Z] GET https://italy-houses.onrender.com/img/35581453/0 → 200 (?ms, 279311B)
[2026-06-14T14:44:01.956Z] GET https://italy-houses.onrender.com/img/32756489/0 → 200 (?ms, 476358B)
[2026-06-14T14:44:01.956Z] GET https://italy-houses.onrender.com/img/27775756/0 → 200 (?ms, 530645B)
[2026-06-14T14:44:01.956Z] GET https://italy-houses.onrender.com/img/28357037/0 → 200 (?ms, 594279B)
[2026-06-14T14:44:01.956Z] GET https://italy-houses.onrender.com/img/35462624/0 → 200 (?ms, 823204B)
[2026-06-14T14:44:01.957Z] GET https://italy-houses.onrender.com/img/31378603/0 → 200 (?ms, 319444B)
[2026-06-14T14:44:01.957Z] GET https://italy-houses.onrender.com/img/34194777/0 → 200 (?ms, 247656B)
[2026-06-14T14:44:01.957Z] GET https://italy-houses.onrender.com/img/33375799/0 → 200 (?ms, 494640B)
[2026-06-14T14:44:01.957Z] GET https://italy-houses.onrender.com/img/24582800/0 → 200 (?ms, 339313B)
[2026-06-14T14:44:01.957Z] GET https://italy-houses.onrender.com/img/25240650/0 → 200 (?ms, 744864B)
[2026-06-14T14:44:01.957Z] GET https://italy-houses.onrender.com/img/30036013/0 → 200 (?ms, 673278B)
[2026-06-14T14:44:01.958Z] GET https://italy-houses.onrender.com/img/31588903/0 → 200 (?ms, 222804B)
[2026-06-14T14:44:01.958Z] GET https://italy-houses.onrender.com/img/30347283/0 → 200 (?ms, 407136B)
[2026-06-14T14:44:01.958Z] GET https://italy-houses.onrender.com/img/24114539/0 → 200 (?ms, 339938B)
[2026-06-14T14:46:50.183Z] GET https://italy-houses.onrender.com/ → 200 (210ms, 11178B)
[2026-06-14T14:46:50.402Z] GET https://italy-houses.onrender.com/api/outline → 200 (137ms, 11486B)
[2026-06-14T14:46:50.541Z] GET https://italy-houses.onrender.com/api/listings → 200 (252ms, ?B)
[2026-06-14T14:46:50.871Z] GET https://italy-houses.onrender.com/img/32157276/0 → 200 (?ms, 451206B)
[2026-06-14T14:46:50.871Z] GET https://italy-houses.onrender.com/img/20459556/0 → 200 (?ms, 170681B)
[2026-06-14T14:46:50.871Z] GET https://italy-houses.onrender.com/img/102948/0 → 200 (1ms, 229063B)
[2026-06-14T14:46:50.872Z] GET https://italy-houses.onrender.com/img/28867319/0 → 200 (?ms, 531656B)
[2026-06-14T14:46:50.872Z] GET https://italy-houses.onrender.com/img/35581453/0 → 200 (?ms, 279311B)
[2026-06-14T14:46:50.872Z] GET https://italy-houses.onrender.com/img/32756489/0 → 200 (?ms, 476358B)
[2026-06-14T14:46:50.872Z] GET https://italy-houses.onrender.com/img/27775756/0 → 200 (1ms, 530645B)
[2026-06-14T14:46:50.873Z] GET https://italy-houses.onrender.com/img/28357037/0 → 200 (?ms, 594279B)
[2026-06-14T14:46:50.873Z] GET https://italy-houses.onrender.com/img/35462624/0 → 200 (?ms, 823204B)
[2026-06-14T14:46:50.873Z] GET https://italy-houses.onrender.com/img/31378603/0 → 200 (?ms, 319444B)
[2026-06-14T14:46:50.873Z] GET https://italy-houses.onrender.com/img/34194777/0 → 200 (1ms, 247656B)
[2026-06-14T14:46:50.874Z] GET https://italy-houses.onrender.com/img/33375799/0 → 200 (?ms, 494640B)
[2026-06-14T14:46:50.874Z] GET https://italy-houses.onrender.com/img/24582800/0 → 200 (?ms, 339313B)
[2026-06-14T14:46:50.874Z] GET https://italy-houses.onrender.com/img/25240650/0 → 200 (?ms, 744864B)
[2026-06-14T14:46:50.874Z] GET https://italy-houses.onrender.com/img/30036013/0 → 200 (?ms, 673278B)
[2026-06-14T14:46:50.875Z] GET https://italy-houses.onrender.com/img/31588903/0 → 200 (?ms, 222804B)
[2026-06-14T14:46:50.875Z] GET https://italy-houses.onrender.com/img/30347283/0 → 200 (?ms, 407136B)
[2026-06-14T14:46:50.875Z] GET https://italy-houses.onrender.com/img/24114539/0 → 200 (?ms, 339938B)
[2026-06-14T14:47:17.189Z] GET https://italy-houses.onrender.com/?v=1781448437 → 200 (137ms, 11178B)
[2026-06-14T14:47:17.332Z] GET https://italy-houses.onrender.com/api/outline → 200 (148ms, 11486B)
[2026-06-14T14:47:17.482Z] GET https://italy-houses.onrender.com/api/listings → 200 (209ms, 461506B)
[2026-06-14T14:47:17.750Z] GET https://italy-houses.onrender.com/img/32157276/0 → 200 (?ms, 451206B)
[2026-06-14T14:47:17.750Z] GET https://italy-houses.onrender.com/img/20459556/0 → 200 (?ms, 170681B)
[2026-06-14T14:47:17.750Z] GET https://italy-houses.onrender.com/img/102948/0 → 200 (?ms, 229063B)
[2026-06-14T14:47:17.751Z] GET https://italy-houses.onrender.com/img/28867319/0 → 200 (?ms, 531656B)
[2026-06-14T14:47:17.751Z] GET https://italy-houses.onrender.com/img/35581453/0 → 200 (?ms, 279311B)
[2026-06-14T14:47:17.751Z] GET https://italy-houses.onrender.com/img/32756489/0 → 200 (?ms, 476358B)
[2026-06-14T14:47:17.751Z] GET https://italy-houses.onrender.com/img/27775756/0 → 200 (?ms, 530645B)
[2026-06-14T14:47:17.751Z] GET https://italy-houses.onrender.com/img/28357037/0 → 200 (?ms, 594279B)
[2026-06-14T14:47:17.751Z] GET https://italy-houses.onrender.com/img/35462624/0 → 200 (?ms, 823204B)
[2026-06-14T14:47:17.752Z] GET https://italy-houses.onrender.com/img/31378603/0 → 200 (?ms, 319444B)
[2026-06-14T14:47:17.752Z] GET https://italy-houses.onrender.com/img/34194777/0 → 200 (?ms, 247656B)
[2026-06-14T14:47:17.752Z] GET https://italy-houses.onrender.com/img/33375799/0 → 200 (?ms, 494640B)
[2026-06-14T14:47:17.752Z] GET https://italy-houses.onrender.com/img/24582800/0 → 200 (?ms, 339313B)
[2026-06-14T14:47:17.752Z] GET https://italy-houses.onrender.com/img/25240650/0 → 200 (?ms, 744864B)
[2026-06-14T14:47:17.752Z] GET https://italy-houses.onrender.com/img/30036013/0 → 200 (?ms, 673278B)
[2026-06-14T14:47:17.753Z] GET https://italy-houses.onrender.com/img/31588903/0 → 200 (?ms, 222804B)
[2026-06-14T14:47:17.753Z] GET https://italy-houses.onrender.com/img/30347283/0 → 200 (?ms, 407136B)
[2026-06-14T14:47:17.753Z] GET https://italy-houses.onrender.com/img/24114539/0 → 200 (?ms, 339938B)
[2026-06-14T14:50:04.273Z] GET https://italy-houses.onrender.com/?v=1781448604 → 200 (366ms, 11237B)
[2026-06-14T14:50:04.648Z] GET https://italy-houses.onrender.com/api/outline → 200 (138ms, 11486B)
[2026-06-14T14:50:04.788Z] GET https://italy-houses.onrender.com/api/listings → pending (?ms, ?B)
[2026-06-14T14:50:05.117Z] GET https://italy-houses.onrender.com/img/32157276/0 → 200 (?ms, 451206B)
[2026-06-14T14:50:05.117Z] GET https://italy-houses.onrender.com/img/20459556/0 → 200 (?ms, 170681B)
[2026-06-14T14:50:05.118Z] GET https://italy-houses.onrender.com/img/102948/0 → 200 (?ms, 229063B)
[2026-06-14T14:50:05.118Z] GET https://italy-houses.onrender.com/img/28867319/0 → 200 (?ms, 531656B)
[2026-06-14T14:50:05.118Z] GET https://italy-houses.onrender.com/img/35581453/0 → 200 (?ms, 279311B)
[2026-06-14T14:50:05.118Z] GET https://italy-houses.onrender.com/img/32756489/0 → 200 (?ms, 476358B)
[2026-06-14T14:50:05.118Z] GET https://italy-houses.onrender.com/img/27775756/0 → 200 (?ms, 530645B)
[2026-06-14T14:50:05.118Z] GET https://italy-houses.onrender.com/img/28357037/0 → 200 (?ms, 594279B)
[2026-06-14T14:50:05.119Z] GET https://italy-houses.onrender.com/img/35462624/0 → 200 (?ms, 823204B)
[2026-06-14T14:50:05.119Z] GET https://italy-houses.onrender.com/img/31378603/0 → 200 (?ms, 319444B)
[2026-06-14T14:50:05.119Z] GET https://italy-houses.onrender.com/img/34194777/0 → 200 (?ms, 247656B)
[2026-06-14T14:50:05.119Z] GET https://italy-houses.onrender.com/img/33375799/0 → 200 (?ms, 494640B)
[2026-06-14T14:50:05.120Z] GET https://italy-houses.onrender.com/img/24582800/0 → 200 (?ms, 339313B)
[2026-06-14T14:50:05.120Z] GET https://italy-houses.onrender.com/img/25240650/0 → 200 (?ms, 744864B)
[2026-06-14T14:50:05.121Z] GET https://italy-houses.onrender.com/img/30036013/0 → 200 (?ms, 673278B)
[2026-06-14T14:50:05.121Z] GET https://italy-houses.onrender.com/img/31588903/0 → 200 (?ms, 222804B)
[2026-06-14T14:50:05.122Z] GET https://italy-houses.onrender.com/img/30347283/0 → 200 (?ms, 407136B)
[2026-06-14T14:50:05.123Z] GET https://italy-houses.onrender.com/img/24114539/0 → 200 (?ms, 339938B)
[2026-06-14T14:56:41.388Z] GET https://italy-houses.onrender.com/ → 200 (394ms, 14334B)
[2026-06-14T14:56:41.798Z] GET https://italy-houses.onrender.com/api/outline → 200 (150ms, 11486B)
[2026-06-14T14:56:41.965Z] GET https://italy-houses.onrender.com/api/listings → 200 (256ms, ?B)
[2026-06-14T14:56:42.372Z] GET https://italy-houses.onrender.com/img/102948/0 → 200 (1ms, 229063B)
[2026-06-14T14:56:42.373Z] GET https://italy-houses.onrender.com/img/31378603/0 → 200 (?ms, 319444B)
[2026-06-14T14:56:42.373Z] GET https://italy-houses.onrender.com/img/32157276/0 → 200 (?ms, 451206B)
[2026-06-14T14:56:42.373Z] GET https://italy-houses.onrender.com/img/20459556/0 → 200 (?ms, 170681B)
[2026-06-14T14:56:42.373Z] GET https://italy-houses.onrender.com/img/28867319/0 → 200 (?ms, 531656B)
[2026-06-14T14:56:42.373Z] GET https://italy-houses.onrender.com/img/35581453/0 → 200 (?ms, 279311B)
[2026-06-14T14:56:42.373Z] GET https://italy-houses.onrender.com/img/32756489/0 → 200 (1ms, 476358B)
[2026-06-14T14:56:42.374Z] GET https://italy-houses.onrender.com/img/27775756/0 → 200 (?ms, 530645B)
[2026-06-14T14:56:42.374Z] GET https://italy-houses.onrender.com/img/28357037/0 → 200 (?ms, 594279B)
[2026-06-14T14:56:42.374Z] GET https://italy-houses.onrender.com/img/35462624/0 → 200 (?ms, 823204B)
[2026-06-14T14:56:42.374Z] GET https://italy-houses.onrender.com/img/34194777/0 → 200 (1ms, 247656B)
[2026-06-14T14:56:42.375Z] GET https://italy-houses.onrender.com/img/33375799/0 → 200 (?ms, 494640B)
[2026-06-14T14:56:42.375Z] GET https://italy-houses.onrender.com/img/24582800/0 → 200 (?ms, 339313B)
[2026-06-14T14:56:42.375Z] GET https://italy-houses.onrender.com/img/25240650/0 → 200 (?ms, 744864B)
[2026-06-14T14:56:42.375Z] GET https://italy-houses.onrender.com/img/30036013/0 → 200 (?ms, 673278B)
[2026-06-14T14:56:42.375Z] GET https://italy-houses.onrender.com/img/31588903/0 → 200 (?ms, 222804B)
[2026-06-14T14:56:42.375Z] GET https://italy-houses.onrender.com/img/30347283/0 → 200 (?ms, 407136B)
[2026-06-14T14:56:42.375Z] GET https://italy-houses.onrender.com/img/24114539/0 → 200 (?ms, 339938B)
[2026-06-14T14:56:44.899Z] GET https://italy-houses.onrender.com/?v=1781449004 → 200 (134ms, 14334B)
[2026-06-14T14:56:45.041Z] GET https://italy-houses.onrender.com/api/outline → 200 (140ms, 11486B)
[2026-06-14T14:56:45.184Z] GET https://italy-houses.onrender.com/api/listings → pending (?ms, ?B)
[2026-06-14T14:56:45.675Z] GET https://italy-houses.onrender.com/img/102948/0 → 200 (1ms, 229063B)
[2026-06-14T14:56:45.676Z] GET https://italy-houses.onrender.com/img/31378603/0 → 200 (?ms, 319444B)
[2026-06-14T14:56:45.676Z] GET https://italy-houses.onrender.com/img/32157276/0 → 200 (?ms, 451206B)
[2026-06-14T14:56:45.676Z] GET https://italy-houses.onrender.com/img/20459556/0 → 200 (?ms, 170681B)
[2026-06-14T14:56:45.676Z] GET https://italy-houses.onrender.com/img/28867319/0 → 200 (?ms, 531656B)
[2026-06-14T14:56:45.677Z] GET https://italy-houses.onrender.com/img/35581453/0 → 200 (?ms, 279311B)
[2026-06-14T14:56:45.677Z] GET https://italy-houses.onrender.com/img/32756489/0 → 200 (?ms, 476358B)
[2026-06-14T14:56:45.677Z] GET https://italy-houses.onrender.com/img/27775756/0 → 200 (?ms, 530645B)
[2026-06-14T14:56:45.677Z] GET https://italy-houses.onrender.com/img/28357037/0 → 200 (?ms, 594279B)
[2026-06-14T14:56:45.677Z] GET https://italy-houses.onrender.com/img/35462624/0 → 200 (?ms, 823204B)
[2026-06-14T14:56:45.677Z] GET https://italy-houses.onrender.com/img/34194777/0 → 200 (?ms, 247656B)
[2026-06-14T14:56:45.678Z] GET https://italy-houses.onrender.com/img/33375799/0 → 200 (?ms, 494640B)
[2026-06-14T14:56:45.678Z] GET https://italy-houses.onrender.com/img/24582800/0 → 200 (?ms, 339313B)
[2026-06-14T14:56:45.678Z] GET https://italy-houses.onrender.com/img/25240650/0 → 200 (?ms, 744864B)
[2026-06-14T14:56:45.678Z] GET https://italy-houses.onrender.com/img/30036013/0 → 200 (?ms, 673278B)
[2026-06-14T14:56:45.680Z] GET https://italy-houses.onrender.com/img/31588903/0 → 200 (?ms, 222804B)
[2026-06-14T14:56:45.680Z] GET https://italy-houses.onrender.com/img/30347283/0 → 200 (?ms, 407136B)
[2026-06-14T14:56:45.680Z] GET https://italy-houses.onrender.com/img/24114539/0 → 200 (?ms, 339938B)
[2026-06-14T14:57:00.679Z] GET https://italy-houses.onrender.com/api/listings → 200 (264ms, 458181B)
[2026-06-14T14:57:15.679Z] GET https://italy-houses.onrender.com/api/listings → 200 (447ms, 458181B)
[2026-06-14T14:57:30.679Z] GET https://italy-houses.onrender.com/api/listings → 200 (352ms, 458105B)
[2026-06-14T14:57:45.679Z] GET https://italy-houses.onrender.com/api/listings → 200 (248ms, 458105B)
[2026-06-14T14:58:00.679Z] GET https://italy-houses.onrender.com/api/listings → 200 (446ms, 458105B)
[2026-06-14T14:58:15.680Z] GET https://italy-houses.onrender.com/api/listings → 200 (260ms, 458105B)
[2026-06-14T14:58:30.678Z] GET https://italy-houses.onrender.com/api/listings → 200 (258ms, 458105B)
[2026-06-14T14:58:45.679Z] GET https://italy-houses.onrender.com/api/listings → 200 (254ms, 458105B)
[2026-06-14T14:59:00.679Z] GET https://italy-houses.onrender.com/api/listings → 200 (352ms, 458105B)
[2026-06-14T14:59:15.680Z] GET https://italy-houses.onrender.com/api/listings → 200 (419ms, 458119B)
[2026-06-14T14:59:30.680Z] GET https://italy-houses.onrender.com/api/listings → 200 (244ms, 458119B)
[2026-06-14T14:59:45.680Z] GET https://italy-houses.onrender.com/api/listings → 200 (271ms, 458119B)
[2026-06-14T15:00:00.679Z] GET https://italy-houses.onrender.com/api/listings → 200 (341ms, 458119B)
[2026-06-14T15:00:15.680Z] GET https://italy-houses.onrender.com/api/listings → 200 (247ms, 458119B)
[2026-06-14T15:00:30.680Z] GET https://italy-houses.onrender.com/api/listings → 200 (249ms, 458119B)
[2026-06-14T15:00:45.679Z] GET https://italy-houses.onrender.com/api/listings → 200 (540ms, 458119B)
[2026-06-14T15:01:00.680Z] GET https://italy-houses.onrender.com/api/listings → 200 (256ms, 458119B)
[2026-06-14T15:01:15.681Z] GET https://italy-houses.onrender.com/api/listings → 200 (254ms, 458119B)
[2026-06-14T15:01:30.680Z] GET https://italy-houses.onrender.com/api/listings → 200 (251ms, 458119B)
[2026-06-14T15:01:45.681Z] GET https://italy-houses.onrender.com/api/listings → 200 (342ms, 458119B)
[2026-06-14T15:02:00.680Z] GET https://italy-houses.onrender.com/api/listings → pending (?ms, ?B)
[2026-06-14T15:02:06.860Z] GET https://italy-houses.onrender.com/?v=1781449326 → 200 (133ms, 14653B)
[2026-06-14T15:02:06.998Z] GET https://italy-houses.onrender.com/api/outline → 200 (147ms, 11486B)
[2026-06-14T15:02:07.147Z] GET https://italy-houses.onrender.com/api/listings → 200 (176ms, 458119B)
[2026-06-14T15:02:07.379Z] GET https://italy-houses.onrender.com/img/102948/0 → 200 (?ms, 229063B)
[2026-06-14T15:02:07.379Z] GET https://italy-houses.onrender.com/img/32157276/0 → 200 (?ms, 451206B)
[2026-06-14T15:02:07.379Z] GET https://italy-houses.onrender.com/img/20459556/0 → 200 (?ms, 170681B)
[2026-06-14T15:02:07.379Z] GET https://italy-houses.onrender.com/img/28867319/0 → 200 (?ms, 531656B)
[2026-06-14T15:02:07.381Z] GET https://italy-houses.onrender.com/img/35581453/0 → 200 (?ms, 279311B)
[2026-06-14T15:02:07.381Z] GET https://italy-houses.onrender.com/img/32756489/0 → 200 (?ms, 476358B)
[2026-06-14T15:02:07.381Z] GET https://italy-houses.onrender.com/img/27775756/0 → 200 (?ms, 530645B)
[2026-06-14T15:02:07.381Z] GET https://italy-houses.onrender.com/img/28357037/0 → 200 (?ms, 594279B)
[2026-06-14T15:02:07.382Z] GET https://italy-houses.onrender.com/img/35462624/0 → 200 (?ms, 823204B)
[2026-06-14T15:02:07.382Z] GET https://italy-houses.onrender.com/img/31378603/0 → 200 (?ms, 319444B)
[2026-06-14T15:02:07.382Z] GET https://italy-houses.onrender.com/img/34194777/0 → 200 (?ms, 247656B)
[2026-06-14T15:02:07.382Z] GET https://italy-houses.onrender.com/img/33375799/0 → 200 (?ms, 494640B)
[2026-06-14T15:02:07.382Z] GET https://italy-houses.onrender.com/img/24582800/0 → 200 (?ms, 339313B)
[2026-06-14T15:02:07.382Z] GET https://italy-houses.onrender.com/img/25240650/0 → 200 (?ms, 744864B)
[2026-06-14T15:02:07.382Z] GET https://italy-houses.onrender.com/img/30036013/0 → 200 (?ms, 673278B)
[2026-06-14T15:02:07.382Z] GET https://italy-houses.onrender.com/img/31588903/0 → 200 (?ms, 222804B)
[2026-06-14T15:02:07.383Z] GET https://italy-houses.onrender.com/img/30347283/0 → 200 (?ms, 407136B)
[2026-06-14T15:02:07.383Z] GET https://italy-houses.onrender.com/img/24114539/0 → 200 (?ms, 339938B)
[2026-06-14T15:02:17.044Z] GET https://italy-houses.onrender.com/img/102948/1 → 200 (190ms, 306098B)
[2026-06-14T15:02:22.381Z] GET https://italy-houses.onrender.com/api/listings → pending (?ms, ?B)
[2026-06-14T15:02:37.381Z] GET https://italy-houses.onrender.com/api/listings → pending (?ms, ?B)
[2026-06-14T15:02:52.381Z] GET https://italy-houses.onrender.com/api/listings → pending (?ms, ?B)
[2026-06-14T15:03:07.381Z] GET https://italy-houses.onrender.com/api/listings → pending (?ms, ?B)
[2026-06-14T15:03:22.382Z] GET https://italy-houses.onrender.com/api/listings → 200 (237ms, ?B)
[2026-06-14T15:03:37.381Z] GET https://italy-houses.onrender.com/api/listings → 200 (243ms, ?B)
[2026-06-14T15:03:52.382Z] GET https://italy-houses.onrender.com/api/listings → 200 (239ms, ?B)
[2026-06-14T15:04:07.383Z] GET https://italy-houses.onrender.com/api/listings → 200 (233ms, ?B)
[2026-06-14T15:04:22.381Z] GET https://italy-houses.onrender.com/api/listings → 200 (247ms, 458198B)
[2026-06-14T15:04:37.382Z] GET https://italy-houses.onrender.com/api/listings → 200 (243ms, 458198B)
[2026-06-14T15:04:52.383Z] GET https://italy-houses.onrender.com/api/listings → 200 (242ms, 458198B)
[2026-06-14T15:05:07.382Z] GET https://italy-houses.onrender.com/api/listings → 200 (257ms, 458198B)
[2026-06-14T15:05:22.382Z] GET https://italy-houses.onrender.com/api/listings → pending (?ms, ?B)
[2026-06-14T15:05:37.384Z] GET https://italy-houses.onrender.com/api/listings → 200 (244ms, 458231B)
[2026-06-14T15:05:37.713Z] GET https://italy-houses.onrender.com/img/27553283/0 → pending (?ms, ?B)
[2026-06-14T15:05:52.383Z] GET https://italy-houses.onrender.com/api/listings → pending (?ms, ?B)
[2026-06-14T15:05:52.909Z] GET https://italy-houses.onrender.com/img/35443856/0 → 200 (150ms, 352286B)
[2026-06-14T15:06:07.383Z] GET https://italy-houses.onrender.com/api/listings → 200 (244ms, 458325B)
[2026-06-14T15:06:07.721Z] GET https://italy-houses.onrender.com/img/31663285/0 → pending (?ms, ?B)
[2026-06-14T15:06:07.721Z] GET https://italy-houses.onrender.com/img/35852128/0 → pending (?ms, ?B)
[2026-06-14T15:06:22.383Z] GET https://italy-houses.onrender.com/api/listings → 200 (357ms, ?B)
[2026-06-14T15:06:37.383Z] GET https://italy-houses.onrender.com/api/listings → 200 (243ms, 458393B)
[2026-06-14T15:06:52.383Z] GET https://italy-houses.onrender.com/api/listings → 200 (252ms, 458429B)
[2026-06-14T15:07:07.384Z] GET https://italy-houses.onrender.com/api/listings → 200 (291ms, 458444B)
[2026-06-14T15:07:07.747Z] GET https://italy-houses.onrender.com/img/33142849/0 → pending (?ms, ?B)
[2026-06-14T15:07:22.383Z] GET https://italy-houses.onrender.com/api/listings → 200 (290ms, 458462B)
[2026-06-14T15:07:35.945Z] GET https://italy-houses.onrender.com/img/34176173/0 → pending (?ms, ?B)
[2026-06-14T15:07:36.038Z] GET https://italy-houses.onrender.com/?v=1781449655 → 200 (137ms, 15539B)
[2026-06-14T15:07:36.181Z] GET https://italy-houses.onrender.com/api/outline → 200 (190ms, 11486B)
[2026-06-14T15:07:36.374Z] GET https://italy-houses.onrender.com/api/listings → 200 (299ms, 458462B)
[2026-06-14T15:07:36.713Z] GET https://italy-houses.onrender.com/img/102948/0 → 200 (?ms, 229063B)
[2026-06-14T15:07:36.714Z] GET https://italy-houses.onrender.com/img/28357037/0 → 200 (?ms, 594279B)
[2026-06-14T15:07:36.714Z] GET https://italy-houses.onrender.com/img/35443856/0 → 200 (?ms, 352286B)
[2026-06-14T15:07:36.714Z] GET https://italy-houses.onrender.com/img/31663285/0 → 200 (?ms, 313166B)
[2026-06-14T15:07:36.714Z] GET https://italy-houses.onrender.com/img/35852128/0 → 200 (?ms, 352566B)
[2026-06-14T15:07:36.714Z] GET https://italy-houses.onrender.com/img/33142849/0 → 200 (?ms, 515984B)
[2026-06-14T15:07:36.714Z] GET https://italy-houses.onrender.com/img/20459556/0 → 200 (?ms, 170681B)
[2026-06-14T15:07:36.715Z] GET https://italy-houses.onrender.com/img/34194777/0 → 200 (?ms, 247656B)
[2026-06-14T15:07:36.715Z] GET https://italy-houses.onrender.com/img/24582800/0 → 200 (?ms, 339313B)
[2026-06-14T15:07:36.715Z] GET https://italy-houses.onrender.com/img/30347283/0 → 200 (?ms, 407136B)
[2026-06-14T15:07:36.715Z] GET https://italy-houses.onrender.com/img/27553283/0 → 200 (?ms, 226477B)
[2026-06-14T15:07:36.715Z] GET https://italy-houses.onrender.com/img/32157276/0 → 200 (?ms, 451206B)
[2026-06-14T15:07:36.715Z] GET https://italy-houses.onrender.com/img/28867319/0 → 200 (?ms, 531656B)
[2026-06-14T15:07:36.715Z] GET https://italy-houses.onrender.com/img/35581453/0 → 200 (?ms, 279311B)
[2026-06-14T15:07:36.715Z] GET https://italy-houses.onrender.com/img/32756489/0 → 200 (?ms, 476358B)
[2026-06-14T15:07:36.716Z] GET https://italy-houses.onrender.com/img/27775756/0 → 200 (?ms, 530645B)
[2026-06-14T15:07:36.716Z] GET https://italy-houses.onrender.com/img/35462624/0 → 200 (?ms, 823204B)
[2026-06-14T15:07:36.716Z] GET https://italy-houses.onrender.com/img/31378603/0 → 200 (?ms, 319444B)
[2026-06-14T15:07:36.716Z] GET https://italy-houses.onrender.com/img/33375799/0 → 200 (?ms, 494640B)
[2026-06-14T15:07:36.716Z] GET https://italy-houses.onrender.com/img/25240650/0 → 200 (?ms, 744864B)
[2026-06-14T15:07:36.716Z] GET https://italy-houses.onrender.com/img/30036013/0 → 200 (?ms, 673278B)
[2026-06-14T15:07:36.716Z] GET https://italy-houses.onrender.com/img/31588903/0 → 200 (?ms, 222804B)
[2026-06-14T15:07:36.716Z] GET https://italy-houses.onrender.com/img/24114539/0 → 200 (?ms, 339938B)
[2026-06-14T15:07:36.744Z] GET https://italy-houses.onrender.com/img/34176173/0 → pending (?ms, ?B)
[2026-06-14T15:07:45.247Z] POST https://italy-houses.onrender.com/api/vote → 200 (141ms, 11B)
[2026-06-14T15:07:51.716Z] GET https://italy-houses.onrender.com/api/listings → pending (?ms, ?B)
[2026-06-14T15:08:06.715Z] GET https://italy-houses.onrender.com/api/listings → pending (?ms, ?B)
[2026-06-14T15:08:21.717Z] GET https://italy-houses.onrender.com/api/listings → pending (?ms, ?B)
[2026-06-14T15:08:28.978Z] GET https://italy-houses.onrender.com/?v=1781449708 → 200 (140ms, 15539B)
[2026-06-14T15:08:29.124Z] GET https://italy-houses.onrender.com/api/outline → 200 (344ms, 11486B)
[2026-06-14T15:08:29.474Z] GET https://italy-houses.onrender.com/api/listings → 200 (204ms, 458543B)
[2026-06-14T15:08:29.739Z] GET https://italy-houses.onrender.com/img/102948/0 → 200 (?ms, 229063B)
[2026-06-14T15:08:29.739Z] GET https://italy-houses.onrender.com/img/28357037/0 → 200 (?ms, 594279B)
[2026-06-14T15:08:29.739Z] GET https://italy-houses.onrender.com/img/31663285/0 → 200 (?ms, 313166B)
[2026-06-14T15:08:29.739Z] GET https://italy-houses.onrender.com/img/35852128/0 → 200 (1ms, 352566B)
[2026-06-14T15:08:29.740Z] GET https://italy-houses.onrender.com/img/33142849/0 → 200 (?ms, 515984B)
[2026-06-14T15:08:29.740Z] GET https://italy-houses.onrender.com/img/20459556/0 → 200 (?ms, 170681B)
[2026-06-14T15:08:29.740Z] GET https://italy-houses.onrender.com/img/32756489/0 → 200 (?ms, 476358B)
[2026-06-14T15:08:29.740Z] GET https://italy-houses.onrender.com/img/27775756/0 → 200 (?ms, 530645B)
[2026-06-14T15:08:29.740Z] GET https://italy-houses.onrender.com/img/35462624/0 → 200 (?ms, 823204B)
[2026-06-14T15:08:29.740Z] GET https://italy-houses.onrender.com/img/34194777/0 → 200 (1ms, 247656B)
[2026-06-14T15:08:29.741Z] GET https://italy-houses.onrender.com/img/24582800/0 → 200 (?ms, 339313B)
[2026-06-14T15:08:29.741Z] GET https://italy-houses.onrender.com/img/30347283/0 → 200 (?ms, 407136B)
[2026-06-14T15:08:29.741Z] GET https://italy-houses.onrender.com/img/35443856/0 → 200 (?ms, 352286B)
[2026-06-14T15:08:29.741Z] GET https://italy-houses.onrender.com/img/27553283/0 → 200 (?ms, 226477B)
[2026-06-14T15:08:29.741Z] GET https://italy-houses.onrender.com/img/34176173/0 → 200 (?ms, 300304B)
[2026-06-14T15:08:29.741Z] GET https://italy-houses.onrender.com/img/32157276/0 → 200 (1ms, 451206B)
[2026-06-14T15:08:29.742Z] GET https://italy-houses.onrender.com/img/28867319/0 → 200 (?ms, 531656B)
[2026-06-14T15:08:29.742Z] GET https://italy-houses.onrender.com/img/35581453/0 → 200 (?ms, 279311B)
[2026-06-14T15:08:29.742Z] GET https://italy-houses.onrender.com/img/31378603/0 → 200 (?ms, 319444B)
[2026-06-14T15:08:29.742Z] GET https://italy-houses.onrender.com/img/33375799/0 → 200 (?ms, 494640B)
[2026-06-14T15:08:29.742Z] GET https://italy-houses.onrender.com/img/25240650/0 → 200 (?ms, 744864B)
[2026-06-14T15:08:29.742Z] GET https://italy-houses.onrender.com/img/30036013/0 → 200 (?ms, 673278B)
[2026-06-14T15:08:29.742Z] GET https://italy-houses.onrender.com/img/31588903/0 → 200 (?ms, 222804B)
[2026-06-14T15:08:29.743Z] GET https://italy-houses.onrender.com/img/24114539/0 → 200 (?ms, 339938B)
[2026-06-14T15:08:29.769Z] GET https://italy-houses.onrender.com/img/26811134/0 → pending (?ms, ?B)
[2026-06-14T15:08:29.769Z] GET https://italy-houses.onrender.com/img/30373491/0 → pending (?ms, ?B)
[2026-06-14T15:08:38.187Z] POST https://italy-houses.onrender.com/api/vote → 200 (139ms, 11B)
[2026-06-14T15:08:44.740Z] GET https://italy-houses.onrender.com/api/listings → pending (?ms, ?B)
[2026-06-14T15:08:59.742Z] GET https://italy-houses.onrender.com/api/listings → pending (?ms, ?B)
[2026-06-14T15:09:14.742Z] GET https://italy-houses.onrender.com/api/listings → pending (?ms, ?B)
[2026-06-14T15:09:29.742Z] GET https://italy-houses.onrender.com/api/listings → pending (?ms, ?B)
[2026-06-14T15:09:44.741Z] GET https://italy-houses.onrender.com/api/listings → pending (?ms, ?B)
[2026-06-14T15:09:59.742Z] GET https://italy-houses.onrender.com/api/listings → pending (?ms, ?B)
[2026-06-14T15:10:14.743Z] GET https://italy-houses.onrender.com/api/listings → pending (?ms, ?B)
[2026-06-14T15:10:29.742Z] GET https://italy-houses.onrender.com/api/listings → pending (?ms, ?B)
[2026-06-14T15:10:44.743Z] GET https://italy-houses.onrender.com/api/listings → pending (?ms, ?B)
[2026-06-14T15:10:59.742Z] GET https://italy-houses.onrender.com/api/listings → 200 (246ms, ?B)
[2026-06-14T15:11:08.311Z] GET https://italy-houses.onrender.com/?v=1781449868 → 200 (142ms, 15643B)
[2026-06-14T15:11:08.460Z] GET https://italy-houses.onrender.com/api/outline → 200 (146ms, 11486B)
[2026-06-14T15:11:08.611Z] GET https://italy-houses.onrender.com/api/listings → 200 (267ms, 458891B)
[2026-06-14T15:11:08.917Z] GET https://italy-houses.onrender.com/img/102948/0 → 200 (?ms, 229063B)
[2026-06-14T15:11:08.917Z] GET https://italy-houses.onrender.com/img/33142849/0 → 200 (?ms, 515984B)
[2026-06-14T15:11:08.917Z] GET https://italy-houses.onrender.com/img/28357037/0 → 200 (?ms, 594279B)
[2026-06-14T15:11:08.917Z] GET https://italy-houses.onrender.com/img/32756489/0 → 200 (?ms, 476358B)
[2026-06-14T15:11:08.917Z] GET https://italy-houses.onrender.com/img/34194777/0 → 200 (?ms, 247656B)
[2026-06-14T15:11:08.917Z] GET https://italy-houses.onrender.com/img/31663285/0 → 200 (1ms, 313166B)
[2026-06-14T15:11:08.918Z] GET https://italy-houses.onrender.com/img/35852128/0 → 200 (?ms, 352566B)
[2026-06-14T15:11:08.918Z] GET https://italy-houses.onrender.com/img/26811134/0 → 200 (?ms, 441110B)
[2026-06-14T15:11:08.918Z] GET https://italy-houses.onrender.com/img/30373491/0 → 200 (?ms, 408645B)
[2026-06-14T15:11:08.918Z] GET https://italy-houses.onrender.com/img/20459556/0 → 200 (?ms, 170681B)
[2026-06-14T15:11:08.918Z] GET https://italy-houses.onrender.com/img/27775756/0 → 200 (?ms, 530645B)
[2026-06-14T15:11:08.918Z] GET https://italy-houses.onrender.com/img/35462624/0 → 200 (1ms, 823204B)
[2026-06-14T15:11:08.919Z] GET https://italy-houses.onrender.com/img/24582800/0 → 200 (?ms, 339313B)
[2026-06-14T15:11:08.919Z] GET https://italy-houses.onrender.com/img/30347283/0 → 200 (?ms, 407136B)
[2026-06-14T15:11:08.919Z] GET https://italy-houses.onrender.com/img/35443856/0 → 200 (?ms, 352286B)
[2026-06-14T15:11:08.919Z] GET https://italy-houses.onrender.com/img/27553283/0 → 200 (?ms, 226477B)
[2026-06-14T15:11:08.919Z] GET https://italy-houses.onrender.com/img/34176173/0 → 200 (?ms, 300304B)
[2026-06-14T15:11:08.919Z] GET https://italy-houses.onrender.com/img/32157276/0 → 200 (?ms, 451206B)
[2026-06-14T15:11:08.919Z] GET https://italy-houses.onrender.com/img/28867319/0 → 200 (?ms, 531656B)
[2026-06-14T15:11:08.919Z] GET https://italy-houses.onrender.com/img/35581453/0 → 200 (1ms, 279311B)
[2026-06-14T15:11:08.920Z] GET https://italy-houses.onrender.com/img/31378603/0 → 200 (?ms, 319444B)
[2026-06-14T15:11:08.920Z] GET https://italy-houses.onrender.com/img/33375799/0 → 200 (?ms, 494640B)
[2026-06-14T15:11:08.920Z] GET https://italy-houses.onrender.com/img/25240650/0 → 200 (?ms, 744864B)
[2026-06-14T15:11:08.920Z] GET https://italy-houses.onrender.com/img/30036013/0 → 200 (?ms, 673278B)
[2026-06-14T15:11:08.920Z] GET https://italy-houses.onrender.com/img/31588903/0 → 200 (?ms, 222804B)
[2026-06-14T15:11:08.920Z] GET https://italy-houses.onrender.com/img/24114539/0 → 200 (?ms, 339938B)
[2026-06-14T15:11:08.948Z] GET https://italy-houses.onrender.com/img/35294804/0 → pending (?ms, ?B)
[2026-06-14T15:11:08.948Z] GET https://italy-houses.onrender.com/img/35998751/0 → pending (?ms, ?B)
[2026-06-14T15:11:08.948Z] GET https://italy-houses.onrender.com/img/35989476/0 → pending (?ms, ?B)
[2026-06-14T15:11:08.948Z] GET https://italy-houses.onrender.com/img/16299514/0 → pending (?ms, ?B)
[2026-06-14T15:11:08.948Z] GET https://italy-houses.onrender.com/img/34879745/0 → pending (?ms, ?B)
[2026-06-14T15:11:08.948Z] GET https://italy-houses.onrender.com/img/33146678/0 → pending (?ms, ?B)
[2026-06-14T15:11:08.948Z] GET https://italy-houses.onrender.com/img/28384520/0 → pending (?ms, ?B)
[2026-06-14T15:11:23.920Z] GET https://italy-houses.onrender.com/api/listings → pending (?ms, ?B)
[2026-06-14T15:11:38.919Z] GET https://italy-houses.onrender.com/api/listings → pending (?ms, ?B)
[2026-06-14T15:11:53.920Z] GET https://italy-houses.onrender.com/api/listings → pending (?ms, ?B)
[2026-06-14T15:12:08.919Z] GET https://italy-houses.onrender.com/api/listings → pending (?ms, ?B)
[2026-06-14T15:12:23.921Z] GET https://italy-houses.onrender.com/api/listings → pending (?ms, ?B)
[2026-06-14T15:12:38.920Z] GET https://italy-houses.onrender.com/api/listings → pending (?ms, ?B)
[2026-06-14T15:12:53.921Z] GET https://italy-houses.onrender.com/api/listings → pending (?ms, ?B)
[2026-06-14T15:13:08.921Z] GET https://italy-houses.onrender.com/api/listings → 200 (171ms, ?B)
[2026-06-14T15:13:23.920Z] GET https://italy-houses.onrender.com/api/listings → pending (?ms, ?B)
[2026-06-14T15:13:38.921Z] GET https://italy-houses.onrender.com/api/listings → pending (?ms, ?B)
[2026-06-14T15:13:53.922Z] GET https://italy-houses.onrender.com/api/listings → pending (?ms, ?B)
[2026-06-14T15:14:08.921Z] GET https://italy-houses.onrender.com/api/listings → pending (?ms, ?B)
[2026-06-14T15:14:23.921Z] GET https://italy-houses.onrender.com/api/listings → pending (?ms, ?B)
[2026-06-14T15:14:38.921Z] GET https://italy-houses.onrender.com/api/listings → pending (?ms, ?B)
[2026-06-14T15:14:53.920Z] GET https://italy-houses.onrender.com/api/listings → pending (?ms, ?B)
[2026-06-14T15:15:08.922Z] GET https://italy-houses.onrender.com/api/listings → 200 (166ms, 459264B)
[2026-06-14T15:15:23.922Z] GET https://italy-houses.onrender.com/api/listings → 200 (259ms, ?B)
[2026-06-14T15:15:38.921Z] GET https://italy-houses.onrender.com/api/listings → 200 (256ms, 459264B)
[2026-06-14T15:15:53.923Z] GET https://italy-houses.onrender.com/api/listings → 200 (257ms, 459282B)
[2026-06-14T15:16:08.918Z] GET https://italy-houses.onrender.com/api/listings → 200 (261ms, 459314B)
[2026-06-14T15:16:23.902Z] GET https://italy-houses.onrender.com/api/listings → 200 (262ms, 459314B)
[2026-06-14T15:16:38.896Z] GET https://italy-houses.onrender.com/api/listings → pending (?ms, ?B)
[2026-06-14T15:16:53.893Z] GET https://italy-houses.onrender.com/api/listings → 200 (251ms, 459346B)
[2026-06-14T15:17:08.892Z] GET https://italy-houses.onrender.com/api/listings → pending (?ms, ?B)
[2026-06-14T15:17:23.892Z] GET https://italy-houses.onrender.com/api/listings → 200 (262ms, 459346B)
[2026-06-14T15:17:38.890Z] GET https://italy-houses.onrender.com/api/listings → 200 (193ms, 459346B)
[2026-06-14T15:17:53.893Z] GET https://italy-houses.onrender.com/api/listings → 200 (190ms, 459400B)
[2026-06-14T15:17:56.259Z] GET https://italy-houses.onrender.com/?v=1781450276 → pending (?ms, ?B)
[2026-06-14T15:17:56.412Z] GET https://italy-houses.onrender.com/api/outline → 200 (144ms, 11486B)
[2026-06-14T15:17:56.559Z] GET https://italy-houses.onrender.com/api/listings → 200 (320ms, 459418B)
[2026-06-14T15:17:57.010Z] GET https://italy-houses.onrender.com/img/102948/0 → 200 (?ms, 229063B)
[2026-06-14T15:17:57.010Z] GET https://italy-houses.onrender.com/img/33142849/0 → 200 (?ms, 515984B)
[2026-06-14T15:17:57.010Z] GET https://italy-houses.onrender.com/img/16299514/0 → 200 (?ms, 357499B)
[2026-06-14T15:17:57.010Z] GET https://italy-houses.onrender.com/img/28357037/0 → 200 (?ms, 594279B)
[2026-06-14T15:17:57.010Z] GET https://italy-houses.onrender.com/img/35998751/0 → 200 (?ms, 484476B)
[2026-06-14T15:17:57.011Z] GET https://italy-houses.onrender.com/img/34879745/0 → 200 (?ms, 153911B)
[2026-06-14T15:17:57.011Z] GET https://italy-houses.onrender.com/img/32756489/0 → 200 (?ms, 476358B)
[2026-06-14T15:17:57.011Z] GET https://italy-houses.onrender.com/img/34194777/0 → 200 (?ms, 247656B)
[2026-06-14T15:17:57.011Z] GET https://italy-houses.onrender.com/img/31663285/0 → 200 (?ms, 313166B)
[2026-06-14T15:17:57.011Z] GET https://italy-houses.onrender.com/img/35852128/0 → 200 (?ms, 352566B)
[2026-06-14T15:17:57.011Z] GET https://italy-houses.onrender.com/img/30373491/0 → 200 (?ms, 408645B)
[2026-06-14T15:17:57.012Z] GET https://italy-houses.onrender.com/img/35294804/0 → 200 (?ms, 517663B)
[2026-06-14T15:17:57.012Z] GET https://italy-houses.onrender.com/img/35989476/0 → 200 (?ms, 252272B)
[2026-06-14T15:17:57.012Z] GET https://italy-houses.onrender.com/img/33146678/0 → 200 (?ms, 216825B)
[2026-06-14T15:17:57.012Z] GET https://italy-houses.onrender.com/img/20459556/0 → 200 (?ms, 170681B)
[2026-06-14T15:17:57.012Z] GET https://italy-houses.onrender.com/img/27775756/0 → 200 (?ms, 530645B)
[2026-06-14T15:17:57.012Z] GET https://italy-houses.onrender.com/img/35462624/0 → 200 (?ms, 823204B)
[2026-06-14T15:17:57.012Z] GET https://italy-houses.onrender.com/img/24582800/0 → 200 (?ms, 339313B)
[2026-06-14T15:17:57.012Z] GET https://italy-houses.onrender.com/img/30347283/0 → 200 (?ms, 407136B)
[2026-06-14T15:17:57.013Z] GET https://italy-houses.onrender.com/img/35443856/0 → 200 (?ms, 352286B)
[2026-06-14T15:17:57.013Z] GET https://italy-houses.onrender.com/img/27553283/0 → 200 (?ms, 226477B)
[2026-06-14T15:17:57.013Z] GET https://italy-houses.onrender.com/img/34176173/0 → 200 (?ms, 300304B)
[2026-06-14T15:17:57.013Z] GET https://italy-houses.onrender.com/img/32157276/0 → 200 (?ms, 451206B)
[2026-06-14T15:17:57.013Z] GET https://italy-houses.onrender.com/img/28867319/0 → 200 (?ms, 531656B)
[2026-06-14T15:17:57.013Z] GET https://italy-houses.onrender.com/img/28384520/0 → 200 (?ms, 609837B)
[2026-06-14T15:17:57.013Z] GET https://italy-houses.onrender.com/img/35581453/0 → 200 (?ms, 279311B)
[2026-06-14T15:17:57.013Z] GET https://italy-houses.onrender.com/img/31378603/0 → 200 (?ms, 319444B)
[2026-06-14T15:17:57.013Z] GET https://italy-houses.onrender.com/img/33375799/0 → 200 (?ms, 494640B)
[2026-06-14T15:17:57.013Z] GET https://italy-houses.onrender.com/img/25240650/0 → 200 (?ms, 744864B)
[2026-06-14T15:17:57.014Z] GET https://italy-houses.onrender.com/img/30036013/0 → 200 (?ms, 673278B)
[2026-06-14T15:17:57.014Z] GET https://italy-houses.onrender.com/img/31588903/0 → 200 (?ms, 222804B)
[2026-06-14T15:17:57.014Z] GET https://italy-houses.onrender.com/img/24114539/0 → 200 (?ms, 339938B)
[2026-06-14T15:17:57.014Z] GET https://italy-houses.onrender.com/img/26811134/0 → 200 (?ms, 441110B)
[2026-06-14T15:17:57.040Z] GET https://italy-houses.onrender.com/img/27521191/0 → pending (?ms, ?B)
[2026-06-14T15:17:57.040Z] GET https://italy-houses.onrender.com/img/35114397/0 → pending (?ms, ?B)
[2026-06-14T15:17:57.040Z] GET https://italy-houses.onrender.com/img/33436386/0 → pending (?ms, ?B)
[2026-06-14T15:17:57.040Z] GET https://italy-houses.onrender.com/img/34378768/0 → pending (?ms, ?B)
[2026-06-14T15:17:57.079Z] GET https://italy-houses.onrender.com/img/102948/1 → 200 (2ms, 306098B)
[2026-06-14T15:17:57.079Z] GET https://italy-houses.onrender.com/img/102948/2 → pending (?ms, ?B)
[2026-06-14T15:17:57.079Z] GET https://italy-houses.onrender.com/img/102948/3 → pending (?ms, ?B)
[2026-06-14T15:17:57.079Z] GET https://italy-houses.onrender.com/img/102948/4 → pending (?ms, ?B)
[2026-06-14T15:17:57.079Z] GET https://italy-houses.onrender.com/img/33142849/1 → pending (?ms, ?B)
[2026-06-14T15:17:57.079Z] GET https://italy-houses.onrender.com/img/33142849/2 → pending (?ms, ?B)
[2026-06-14T15:17:57.079Z] GET https://italy-houses.onrender.com/img/33142849/3 → pending (?ms, ?B)
[2026-06-14T15:17:57.079Z] GET https://italy-houses.onrender.com/img/33142849/4 → pending (?ms, ?B)
[2026-06-14T15:17:57.079Z] GET https://italy-houses.onrender.com/img/33142849/5 → pending (?ms, ?B)
[2026-06-14T15:17:57.079Z] GET https://italy-houses.onrender.com/img/33142849/6 → pending (?ms, ?B)
[2026-06-14T15:17:57.079Z] GET https://italy-houses.onrender.com/img/33142849/7 → pending (?ms, ?B)
[2026-06-14T15:17:57.079Z] GET https://italy-houses.onrender.com/img/33142849/8 → pending (?ms, ?B)
[2026-06-14T15:17:57.079Z] GET https://italy-houses.onrender.com/img/33142849/9 → pending (?ms, ?B)
[2026-06-14T15:17:57.079Z] GET https://italy-houses.onrender.com/img/33142849/10 → pending (?ms, ?B)
[2026-06-14T15:17:57.079Z] GET https://italy-houses.onrender.com/img/33142849/11 → pending (?ms, ?B)
[2026-06-14T15:17:57.079Z] GET https://italy-houses.onrender.com/img/33142849/12 → pending (?ms, ?B)
[2026-06-14T15:17:57.079Z] GET https://italy-houses.onrender.com/img/33142849/13 → pending (?ms, ?B)
[2026-06-14T15:17:57.079Z] GET https://italy-houses.onrender.com/img/33142849/14 → pending (?ms, ?B)
[2026-06-14T15:17:57.079Z] GET https://italy-houses.onrender.com/img/33142849/15 → pending (?ms, ?B)
[2026-06-14T15:17:57.079Z] GET https://italy-houses.onrender.com/img/33142849/16 → pending (?ms, ?B)
[2026-06-14T15:17:57.079Z] GET https://italy-houses.onrender.com/img/33142849/17 → pending (?ms, ?B)
[2026-06-14T15:17:57.079Z] GET https://italy-houses.onrender.com/img/16299514/1 → pending (?ms, ?B)
[2026-06-14T15:17:57.079Z] GET https://italy-houses.onrender.com/img/16299514/2 → pending (?ms, ?B)
[2026-06-14T15:17:57.079Z] GET https://italy-houses.onrender.com/img/16299514/3 → pending (?ms, ?B)
[2026-06-14T15:17:57.079Z] GET https://italy-houses.onrender.com/img/16299514/4 → pending (?ms, ?B)
[2026-06-14T15:17:57.079Z] GET https://italy-houses.onrender.com/img/16299514/5 → pending (?ms, ?B)
[2026-06-14T15:17:57.079Z] GET https://italy-houses.onrender.com/img/16299514/6 → pending (?ms, ?B)
[2026-06-14T15:17:57.079Z] GET https://italy-houses.onrender.com/img/16299514/7 → pending (?ms, ?B)
[2026-06-14T15:17:57.079Z] GET https://italy-houses.onrender.com/img/16299514/8 → pending (?ms, ?B)
[2026-06-14T15:17:57.079Z] GET https://italy-houses.onrender.com/img/16299514/9 → pending (?ms, ?B)
[2026-06-14T15:17:57.079Z] GET https://italy-houses.onrender.com/img/16299514/10 → pending (?ms, ?B)
[2026-06-14T15:17:57.079Z] GET https://italy-houses.onrender.com/img/16299514/11 → pending (?ms, ?B)
[2026-06-14T15:17:57.079Z] GET https://italy-houses.onrender.com/img/28357037/1 → pending (?ms, ?B)
[2026-06-14T15:17:57.079Z] GET https://italy-houses.onrender.com/img/28357037/2 → pending (?ms, ?B)
[2026-06-14T15:17:57.079Z] GET https://italy-houses.onrender.com/img/28357037/3 → pending (?ms, ?B)
[2026-06-14T15:17:57.079Z] GET https://italy-houses.onrender.com/img/28357037/4 → pending (?ms, ?B)
[2026-06-14T15:17:57.079Z] GET https://italy-houses.onrender.com/img/28357037/5 → pending (?ms, ?B)
[2026-06-14T15:17:57.079Z] GET https://italy-houses.onrender.com/img/28357037/6 → pending (?ms, ?B)
[2026-06-14T15:17:57.079Z] GET https://italy-houses.onrender.com/img/28357037/7 → pending (?ms, ?B)
[2026-06-14T15:17:57.079Z] GET https://italy-houses.onrender.com/img/28357037/8 → pending (?ms, ?B)
[2026-06-14T15:17:57.079Z] GET https://italy-houses.onrender.com/img/28357037/9 → pending (?ms, ?B)
[2026-06-14T15:17:57.079Z] GET https://italy-houses.onrender.com/img/28357037/10 → pending (?ms, ?B)
[2026-06-14T15:17:57.079Z] GET https://italy-houses.onrender.com/img/28357037/11 → pending (?ms, ?B)
[2026-06-14T15:17:57.079Z] GET https://italy-houses.onrender.com/img/28357037/12 → pending (?ms, ?B)
[2026-06-14T15:17:57.079Z] GET https://italy-houses.onrender.com/img/28357037/13 → pending (?ms, ?B)
[2026-06-14T15:17:57.079Z] GET https://italy-houses.onrender.com/img/28357037/14 → pending (?ms, ?B)
[2026-06-14T15:17:57.079Z] GET https://italy-houses.onrender.com/img/28357037/15 → pending (?ms, ?B)
[2026-06-14T15:17:57.079Z] GET https://italy-houses.onrender.com/img/28357037/16 → pending (?ms, ?B)
[2026-06-14T15:17:57.079Z] GET https://italy-houses.onrender.com/img/28357037/17 → pending (?ms, ?B)
[2026-06-14T15:17:57.080Z] GET https://italy-houses.onrender.com/img/35998751/1 → pending (?ms, ?B)
[2026-06-14T15:17:57.080Z] GET https://italy-houses.onrender.com/img/35998751/2 → pending (?ms, ?B)
[2026-06-14T15:17:57.080Z] GET https://italy-houses.onrender.com/img/35998751/3 → pending (?ms, ?B)
[2026-06-14T15:17:57.080Z] GET https://italy-houses.onrender.com/img/35998751/4 → pending (?ms, ?B)
[2026-06-14T15:17:57.080Z] GET https://italy-houses.onrender.com/img/35998751/5 → pending (?ms, ?B)
[2026-06-14T15:17:57.080Z] GET https://italy-houses.onrender.com/img/35998751/6 → pending (?ms, ?B)
[2026-06-14T15:17:57.080Z] GET https://italy-houses.onrender.com/img/35998751/7 → pending (?ms, ?B)
[2026-06-14T15:17:57.080Z] GET https://italy-houses.onrender.com/img/35998751/8 → pending (?ms, ?B)
[2026-06-14T15:17:57.080Z] GET https://italy-houses.onrender.com/img/35998751/9 → pending (?ms, ?B)
[2026-06-14T15:17:57.080Z] GET https://italy-houses.onrender.com/img/35998751/10 → pending (?ms, ?B)
[2026-06-14T15:17:57.080Z] GET https://italy-houses.onrender.com/img/35998751/11 → pending (?ms, ?B)
[2026-06-14T15:17:57.080Z] GET https://italy-houses.onrender.com/img/35998751/12 → pending (?ms, ?B)
[2026-06-14T15:17:57.080Z] GET https://italy-houses.onrender.com/img/35998751/13 → pending (?ms, ?B)
[2026-06-14T15:17:57.080Z] GET https://italy-houses.onrender.com/img/35998751/14 → pending (?ms, ?B)
[2026-06-14T15:17:57.080Z] GET https://italy-houses.onrender.com/img/35998751/15 → pending (?ms, ?B)
[2026-06-14T15:17:57.080Z] GET https://italy-houses.onrender.com/img/35998751/16 → pending (?ms, ?B)
[2026-06-14T15:17:57.080Z] GET https://italy-houses.onrender.com/img/35998751/17 → pending (?ms, ?B)
[2026-06-14T15:17:57.080Z] GET https://italy-houses.onrender.com/img/34879745/1 → pending (?ms, ?B)
[2026-06-14T15:17:57.080Z] GET https://italy-houses.onrender.com/img/34879745/2 → pending (?ms, ?B)
[2026-06-14T15:17:57.080Z] GET https://italy-houses.onrender.com/img/34879745/3 → pending (?ms, ?B)
[2026-06-14T15:17:57.080Z] GET https://italy-houses.onrender.com/img/34879745/4 → pending (?ms, ?B)
[2026-06-14T15:17:57.080Z] GET https://italy-houses.onrender.com/img/34879745/5 → pending (?ms, ?B)
[2026-06-14T15:17:57.080Z] GET https://italy-houses.onrender.com/img/34879745/6 → pending (?ms, ?B)
[2026-06-14T15:17:57.080Z] GET https://italy-houses.onrender.com/img/34879745/7 → pending (?ms, ?B)
[2026-06-14T15:17:57.080Z] GET https://italy-houses.onrender.com/img/34879745/8 → pending (?ms, ?B)
[2026-06-14T15:17:57.080Z] GET https://italy-houses.onrender.com/img/34879745/9 → pending (?ms, ?B)
[2026-06-14T15:17:57.080Z] GET https://italy-houses.onrender.com/img/34879745/10 → pending (?ms, ?B)
[2026-06-14T15:17:57.080Z] GET https://italy-houses.onrender.com/img/34879745/11 → pending (?ms, ?B)
[2026-06-14T15:17:57.080Z] GET https://italy-houses.onrender.com/img/34879745/12 → pending (?ms, ?B)
[2026-06-14T15:17:57.080Z] GET https://italy-houses.onrender.com/img/34879745/13 → pending (?ms, ?B)
[2026-06-14T15:17:57.080Z] GET https://italy-houses.onrender.com/img/34879745/14 → pending (?ms, ?B)
[2026-06-14T15:17:57.080Z] GET https://italy-houses.onrender.com/img/34879745/15 → pending (?ms, ?B)
[2026-06-14T15:17:57.080Z] GET https://italy-houses.onrender.com/img/34879745/16 → pending (?ms, ?B)
[2026-06-14T15:17:57.080Z] GET https://italy-houses.onrender.com/img/34879745/17 → pending (?ms, ?B)
[2026-06-14T15:17:57.080Z] GET https://italy-houses.onrender.com/img/32756489/1 → pending (?ms, ?B)
[2026-06-14T15:17:57.080Z] GET https://italy-houses.onrender.com/img/32756489/2 → pending (?ms, ?B)
[2026-06-14T15:17:57.080Z] GET https://italy-houses.onrender.com/img/32756489/3 → pending (?ms, ?B)
[2026-06-14T15:17:57.080Z] GET https://italy-houses.onrender.com/img/32756489/4 → pending (?ms, ?B)
[2026-06-14T15:17:57.080Z] GET https://italy-houses.onrender.com/img/32756489/5 → pending (?ms, ?B)
[2026-06-14T15:17:57.080Z] GET https://italy-houses.onrender.com/img/32756489/6 → pending (?ms, ?B)
[2026-06-14T15:17:57.080Z] GET https://italy-houses.onrender.com/img/32756489/7 → pending (?ms, ?B)
[2026-06-14T15:17:57.080Z] GET https://italy-houses.onrender.com/img/32756489/8 → pending (?ms, ?B)
[2026-06-14T15:17:57.080Z] GET https://italy-houses.onrender.com/img/32756489/9 → pending (?ms, ?B)
[2026-06-14T15:17:57.080Z] GET https://italy-houses.onrender.com/img/32756489/10 → pending (?ms, ?B)
[2026-06-14T15:17:57.080Z] GET https://italy-houses.onrender.com/img/32756489/11 → pending (?ms, ?B)
[2026-06-14T15:17:57.080Z] GET https://italy-houses.onrender.com/img/32756489/12 → pending (?ms, ?B)
[2026-06-14T15:17:57.080Z] GET https://italy-houses.onrender.com/img/32756489/13 → pending (?ms, ?B)
[2026-06-14T15:17:57.080Z] GET https://italy-houses.onrender.com/img/32756489/14 → pending (?ms, ?B)
[2026-06-14T15:17:57.080Z] GET https://italy-houses.onrender.com/img/32756489/15 → pending (?ms, ?B)
[2026-06-14T15:17:57.080Z] GET https://italy-houses.onrender.com/img/32756489/16 → pending (?ms, ?B)
[2026-06-14T15:17:57.080Z] GET https://italy-houses.onrender.com/img/32756489/17 → pending (?ms, ?B)
[2026-06-14T15:17:57.080Z] GET https://italy-houses.onrender.com/img/34194777/1 → pending (?ms, ?B)
[2026-06-14T15:17:57.080Z] GET https://italy-houses.onrender.com/img/34194777/2 → pending (?ms, ?B)
[2026-06-14T15:17:57.080Z] GET https://italy-houses.onrender.com/img/34194777/3 → pending (?ms, ?B)
[2026-06-14T15:17:57.080Z] GET https://italy-houses.onrender.com/img/34194777/4 → pending (?ms, ?B)
[2026-06-14T15:17:57.080Z] GET https://italy-houses.onrender.com/img/34194777/5 → pending (?ms, ?B)
[2026-06-14T15:17:57.080Z] GET https://italy-houses.onrender.com/img/34194777/6 → pending (?ms, ?B)
[2026-06-14T15:17:57.080Z] GET https://italy-houses.onrender.com/img/34194777/7 → pending (?ms, ?B)
[2026-06-14T15:17:57.080Z] GET https://italy-houses.onrender.com/img/34194777/8 → pending (?ms, ?B)
[2026-06-14T15:17:57.080Z] GET https://italy-houses.onrender.com/img/34194777/9 → pending (?ms, ?B)
[2026-06-14T15:17:57.080Z] GET https://italy-houses.onrender.com/img/34194777/10 → pending (?ms, ?B)
[2026-06-14T15:17:57.080Z] GET https://italy-houses.onrender.com/img/34194777/11 → pending (?ms, ?B)
[2026-06-14T15:17:57.080Z] GET https://italy-houses.onrender.com/img/34194777/12 → pending (?ms, ?B)
[2026-06-14T15:17:57.080Z] GET https://italy-houses.onrender.com/img/34194777/13 → pending (?ms, ?B)
[2026-06-14T15:17:57.080Z] GET https://italy-houses.onrender.com/img/34194777/14 → pending (?ms, ?B)
[2026-06-14T15:17:57.080Z] GET https://italy-houses.onrender.com/img/34194777/15 → pending (?ms, ?B)
[2026-06-14T15:17:57.080Z] GET https://italy-houses.onrender.com/img/34194777/16 → pending (?ms, ?B)
[2026-06-14T15:17:57.080Z] GET https://italy-houses.onrender.com/img/34194777/17 → pending (?ms, ?B)
[2026-06-14T15:17:57.080Z] GET https://italy-houses.onrender.com/img/31663285/1 → pending (?ms, ?B)
[2026-06-14T15:17:57.080Z] GET https://italy-houses.onrender.com/img/31663285/2 → pending (?ms, ?B)
[2026-06-14T15:17:57.080Z] GET https://italy-houses.onrender.com/img/31663285/3 → pending (?ms, ?B)
[2026-06-14T15:17:57.080Z] GET https://italy-houses.onrender.com/img/31663285/4 → pending (?ms, ?B)
[2026-06-14T15:17:57.080Z] GET https://italy-houses.onrender.com/img/31663285/5 → pending (?ms, ?B)
[2026-06-14T15:17:57.080Z] GET https://italy-houses.onrender.com/img/31663285/6 → pending (?ms, ?B)
[2026-06-14T15:17:57.080Z] GET https://italy-houses.onrender.com/img/31663285/7 → pending (?ms, ?B)
[2026-06-14T15:17:57.080Z] GET https://italy-houses.onrender.com/img/31663285/8 → pending (?ms, ?B)
[2026-06-14T15:17:57.080Z] GET https://italy-houses.onrender.com/img/31663285/9 → pending (?ms, ?B)
[2026-06-14T15:17:57.081Z] GET https://italy-houses.onrender.com/img/31663285/10 → pending (?ms, ?B)
[2026-06-14T15:17:57.081Z] GET https://italy-houses.onrender.com/img/31663285/11 → pending (?ms, ?B)
[2026-06-14T15:17:57.081Z] GET https://italy-houses.onrender.com/img/31663285/12 → pending (?ms, ?B)
[2026-06-14T15:17:57.081Z] GET https://italy-houses.onrender.com/img/31663285/13 → pending (?ms, ?B)
[2026-06-14T15:17:57.081Z] GET https://italy-houses.onrender.com/img/31663285/14 → pending (?ms, ?B)
[2026-06-14T15:17:57.081Z] GET https://italy-houses.onrender.com/img/31663285/15 → pending (?ms, ?B)
[2026-06-14T15:17:57.081Z] GET https://italy-houses.onrender.com/img/31663285/16 → pending (?ms, ?B)
[2026-06-14T15:17:57.081Z] GET https://italy-houses.onrender.com/img/31663285/17 → pending (?ms, ?B)
[2026-06-14T15:18:12.011Z] GET https://italy-houses.onrender.com/api/listings → pending (?ms, ?B)
[2026-06-14T15:18:27.012Z] GET https://italy-houses.onrender.com/api/listings → pending (?ms, ?B)
[2026-06-14T15:18:42.013Z] GET https://italy-houses.onrender.com/api/listings → pending (?ms, ?B)
[2026-06-14T15:18:57.013Z] GET https://italy-houses.onrender.com/api/listings → 200 (270ms, 459466B)
[2026-06-14T15:19:12.013Z] GET https://italy-houses.onrender.com/api/listings → 200 (174ms, 459466B)
[2026-06-14T15:19:27.012Z] GET https://italy-houses.onrender.com/api/listings → pending (?ms, ?B)
[2026-06-14T15:19:42.012Z] GET https://italy-houses.onrender.com/api/listings → pending (?ms, ?B)
[2026-06-14T15:19:57.011Z] GET https://italy-houses.onrender.com/api/listings → pending (?ms, ?B)
[2026-06-14T15:20:12.013Z] GET https://italy-houses.onrender.com/api/listings → pending (?ms, ?B)
[2026-06-14T15:20:27.013Z] GET https://italy-houses.onrender.com/api/listings → pending (?ms, ?B)
[2026-06-14T15:20:42.013Z] GET https://italy-houses.onrender.com/api/listings → pending (?ms, ?B)
[2026-06-14T15:20:57.013Z] GET https://italy-houses.onrender.com/api/listings → pending (?ms, ?B)
[2026-06-14T15:21:12.013Z] GET https://italy-houses.onrender.com/api/listings → 502 (137ms, ?B)
[2026-06-14T15:21:27.013Z] GET https://italy-houses.onrender.com/api/listings → pending (?ms, ?B)
[2026-06-14T15:21:42.012Z] GET https://italy-houses.onrender.com/api/listings → 200 (269ms, 459466B)
[2026-06-14T15:21:57.013Z] GET https://italy-houses.onrender.com/api/listings → 200 (182ms, 459466B)
[2026-06-14T15:22:12.013Z] GET https://italy-houses.onrender.com/api/listings → 200 (372ms, 459466B)
[2026-06-14T15:22:27.012Z] GET https://italy-houses.onrender.com/api/listings → 200 (335ms, 459466B)
[2026-06-14T15:22:34.821Z] GET https://italy-houses.onrender.com/?v=1781450554 → 200 (141ms, 16150B)
[2026-06-14T15:22:34.971Z] GET https://italy-houses.onrender.com/api/outline → 200 (151ms, 11486B)
[2026-06-14T15:22:35.124Z] GET https://italy-houses.onrender.com/api/listings → 200 (325ms, ?B)
[2026-06-14T15:22:35.585Z] GET https://italy-houses.onrender.com/img/32157276/0 → 200 (?ms, 451206B)
[2026-06-14T15:22:35.586Z] GET https://italy-houses.onrender.com/img/20459556/0 → 200 (?ms, 170681B)
[2026-06-14T15:22:35.586Z] GET https://italy-houses.onrender.com/img/102948/0 → 200 (?ms, 229063B)
[2026-06-14T15:22:35.587Z] GET https://italy-houses.onrender.com/img/28867319/0 → 200 (?ms, 531656B)
[2026-06-14T15:22:35.587Z] GET https://italy-houses.onrender.com/img/35581453/0 → 200 (?ms, 279311B)
[2026-06-14T15:22:35.587Z] GET https://italy-houses.onrender.com/img/32756489/0 → 200 (?ms, 476358B)
[2026-06-14T15:22:35.587Z] GET https://italy-houses.onrender.com/img/27775756/0 → 200 (?ms, 530645B)
[2026-06-14T15:22:35.587Z] GET https://italy-houses.onrender.com/img/28357037/0 → 200 (?ms, 594279B)
[2026-06-14T15:22:35.588Z] GET https://italy-houses.onrender.com/img/35462624/0 → 200 (?ms, 823204B)
[2026-06-14T15:22:35.588Z] GET https://italy-houses.onrender.com/img/31378603/0 → 200 (?ms, 319444B)
[2026-06-14T15:22:35.588Z] GET https://italy-houses.onrender.com/img/34194777/0 → 200 (?ms, 247656B)
[2026-06-14T15:22:35.588Z] GET https://italy-houses.onrender.com/img/33375799/0 → 200 (?ms, 494640B)
[2026-06-14T15:22:35.588Z] GET https://italy-houses.onrender.com/img/24582800/0 → 200 (?ms, 339313B)
[2026-06-14T15:22:35.588Z] GET https://italy-houses.onrender.com/img/25240650/0 → 200 (?ms, 744864B)
[2026-06-14T15:22:35.588Z] GET https://italy-houses.onrender.com/img/30036013/0 → 200 (?ms, 673278B)
[2026-06-14T15:22:35.588Z] GET https://italy-houses.onrender.com/img/31588903/0 → 200 (?ms, 222804B)
[2026-06-14T15:22:35.588Z] GET https://italy-houses.onrender.com/img/30347283/0 → 200 (?ms, 407136B)
[2026-06-14T15:22:35.589Z] GET https://italy-houses.onrender.com/img/24114539/0 → 200 (?ms, 339938B)
[2026-06-14T15:22:35.589Z] GET https://italy-houses.onrender.com/img/35443856/0 → 200 (?ms, 352286B)
[2026-06-14T15:22:35.589Z] GET https://italy-houses.onrender.com/img/27553283/0 → 200 (?ms, 226477B)
[2026-06-14T15:22:35.589Z] GET https://italy-houses.onrender.com/img/34176173/0 → 200 (?ms, 300304B)
[2026-06-14T15:22:35.589Z] GET https://italy-houses.onrender.com/img/31663285/0 → 200 (?ms, 313166B)
[2026-06-14T15:22:35.589Z] GET https://italy-houses.onrender.com/img/35852128/0 → 200 (?ms, 352566B)
[2026-06-14T15:22:35.589Z] GET https://italy-houses.onrender.com/img/33142849/0 → 200 (?ms, 515984B)
[2026-06-14T15:22:35.589Z] GET https://italy-houses.onrender.com/img/26811134/0 → 200 (?ms, 441110B)
[2026-06-14T15:22:35.589Z] GET https://italy-houses.onrender.com/img/30373491/0 → 200 (?ms, 408645B)
[2026-06-14T15:22:35.589Z] GET https://italy-houses.onrender.com/img/35294804/0 → 200 (1ms, 517663B)
[2026-06-14T15:22:35.590Z] GET https://italy-houses.onrender.com/img/35998751/0 → 200 (?ms, 484476B)
[2026-06-14T15:22:35.590Z] GET https://italy-houses.onrender.com/img/35989476/0 → 200 (?ms, 252272B)
[2026-06-14T15:22:35.590Z] GET https://italy-houses.onrender.com/img/16299514/0 → 200 (?ms, 357499B)
[2026-06-14T15:22:35.590Z] GET https://italy-houses.onrender.com/img/34879745/0 → 200 (?ms, 153911B)
[2026-06-14T15:22:35.590Z] GET https://italy-houses.onrender.com/img/33146678/0 → 200 (?ms, 216825B)
[2026-06-14T15:22:35.590Z] GET https://italy-houses.onrender.com/img/28384520/0 → 200 (?ms, 609837B)
[2026-06-14T15:22:35.590Z] GET https://italy-houses.onrender.com/img/27521191/0 → 200 (?ms, 497797B)
[2026-06-14T15:22:35.590Z] GET https://italy-houses.onrender.com/img/35114397/0 → 200 (?ms, 293790B)
[2026-06-14T15:22:35.590Z] GET https://italy-houses.onrender.com/img/33436386/0 → 200 (?ms, 329024B)
[2026-06-14T15:22:35.590Z] GET https://italy-houses.onrender.com/img/34378768/0 → 200 (?ms, 298979B)
[2026-06-14T15:22:35.654Z] GET https://italy-houses.onrender.com/img/32157276/1 → pending (?ms, ?B)
[2026-06-14T15:22:35.654Z] GET https://italy-houses.onrender.com/img/32157276/2 → pending (?ms, ?B)
[2026-06-14T15:22:35.654Z] GET https://italy-houses.onrender.com/img/32157276/3 → pending (?ms, ?B)
[2026-06-14T15:22:35.654Z] GET https://italy-houses.onrender.com/img/32157276/4 → pending (?ms, ?B)
[2026-06-14T15:22:35.654Z] GET https://italy-houses.onrender.com/img/32157276/5 → pending (?ms, ?B)
[2026-06-14T15:22:35.654Z] GET https://italy-houses.onrender.com/img/32157276/6 → pending (?ms, ?B)
[2026-06-14T15:22:35.654Z] GET https://italy-houses.onrender.com/img/32157276/7 → pending (?ms, ?B)
[2026-06-14T15:22:35.654Z] GET https://italy-houses.onrender.com/img/32157276/8 → pending (?ms, ?B)
[2026-06-14T15:22:35.654Z] GET https://italy-houses.onrender.com/img/32157276/9 → pending (?ms, ?B)
[2026-06-14T15:22:35.654Z] GET https://italy-houses.onrender.com/img/32157276/10 → pending (?ms, ?B)
[2026-06-14T15:22:35.654Z] GET https://italy-houses.onrender.com/img/32157276/11 → pending (?ms, ?B)
[2026-06-14T15:22:35.654Z] GET https://italy-houses.onrender.com/img/32157276/12 → pending (?ms, ?B)
[2026-06-14T15:22:35.654Z] GET https://italy-houses.onrender.com/img/32157276/13 → pending (?ms, ?B)
[2026-06-14T15:22:35.654Z] GET https://italy-houses.onrender.com/img/32157276/14 → pending (?ms, ?B)
[2026-06-14T15:22:35.654Z] GET https://italy-houses.onrender.com/img/20459556/1 → pending (?ms, ?B)
[2026-06-14T15:22:35.654Z] GET https://italy-houses.onrender.com/img/20459556/2 → pending (?ms, ?B)
[2026-06-14T15:22:35.654Z] GET https://italy-houses.onrender.com/img/20459556/3 → pending (?ms, ?B)
[2026-06-14T15:22:35.654Z] GET https://italy-houses.onrender.com/img/20459556/4 → pending (?ms, ?B)
[2026-06-14T15:22:35.654Z] GET https://italy-houses.onrender.com/img/20459556/5 → pending (?ms, ?B)
[2026-06-14T15:22:35.654Z] GET https://italy-houses.onrender.com/img/20459556/6 → pending (?ms, ?B)
[2026-06-14T15:22:35.654Z] GET https://italy-houses.onrender.com/img/20459556/7 → pending (?ms, ?B)
[2026-06-14T15:22:35.654Z] GET https://italy-houses.onrender.com/img/20459556/8 → pending (?ms, ?B)
[2026-06-14T15:22:35.654Z] GET https://italy-houses.onrender.com/img/20459556/9 → pending (?ms, ?B)
[2026-06-14T15:22:35.654Z] GET https://italy-houses.onrender.com/img/20459556/10 → pending (?ms, ?B)
[2026-06-14T15:22:35.654Z] GET https://italy-houses.onrender.com/img/20459556/11 → pending (?ms, ?B)
[2026-06-14T15:22:35.654Z] GET https://italy-houses.onrender.com/img/20459556/12 → pending (?ms, ?B)
[2026-06-14T15:22:35.654Z] GET https://italy-houses.onrender.com/img/20459556/13 → pending (?ms, ?B)
[2026-06-14T15:22:35.654Z] GET https://italy-houses.onrender.com/img/20459556/14 → pending (?ms, ?B)
[2026-06-14T15:22:35.654Z] GET https://italy-houses.onrender.com/img/20459556/15 → pending (?ms, ?B)
[2026-06-14T15:22:35.654Z] GET https://italy-houses.onrender.com/img/20459556/16 → pending (?ms, ?B)
[2026-06-14T15:22:35.654Z] GET https://italy-houses.onrender.com/img/20459556/17 → pending (?ms, ?B)
[2026-06-14T15:22:35.654Z] GET https://italy-houses.onrender.com/img/102948/1 → 200 (2ms, 306098B)
[2026-06-14T15:22:35.654Z] GET https://italy-houses.onrender.com/img/102948/2 → 200 (2ms, 282997B)
[2026-06-14T15:22:35.654Z] GET https://italy-houses.onrender.com/img/102948/3 → 200 (2ms, 294472B)
[2026-06-14T15:22:35.654Z] GET https://italy-houses.onrender.com/img/102948/4 → 200 (2ms, 321300B)
[2026-06-14T15:22:35.654Z] GET https://italy-houses.onrender.com/img/28867319/1 → pending (?ms, ?B)
[2026-06-14T15:22:35.654Z] GET https://italy-houses.onrender.com/img/28867319/2 → pending (?ms, ?B)
[2026-06-14T15:22:35.654Z] GET https://italy-houses.onrender.com/img/28867319/3 → pending (?ms, ?B)
[2026-06-14T15:22:35.654Z] GET https://italy-houses.onrender.com/img/35581453/1 → pending (?ms, ?B)
[2026-06-14T15:22:35.654Z] GET https://italy-houses.onrender.com/img/35581453/2 → pending (?ms, ?B)
[2026-06-14T15:22:35.654Z] GET https://italy-houses.onrender.com/img/35581453/3 → pending (?ms, ?B)
[2026-06-14T15:22:35.654Z] GET https://italy-houses.onrender.com/img/35581453/4 → pending (?ms, ?B)
[2026-06-14T15:22:35.654Z] GET https://italy-houses.onrender.com/img/35581453/5 → pending (?ms, ?B)
[2026-06-14T15:22:35.654Z] GET https://italy-houses.onrender.com/img/35581453/6 → pending (?ms, ?B)
[2026-06-14T15:22:35.654Z] GET https://italy-houses.onrender.com/img/35581453/7 → pending (?ms, ?B)
[2026-06-14T15:22:35.654Z] GET https://italy-houses.onrender.com/img/35581453/8 → pending (?ms, ?B)
[2026-06-14T15:22:35.654Z] GET https://italy-houses.onrender.com/img/35581453/9 → pending (?ms, ?B)
[2026-06-14T15:22:35.654Z] GET https://italy-houses.onrender.com/img/35581453/10 → pending (?ms, ?B)
[2026-06-14T15:22:35.654Z] GET https://italy-houses.onrender.com/img/35581453/11 → pending (?ms, ?B)
[2026-06-14T15:22:35.654Z] GET https://italy-houses.onrender.com/img/35581453/12 → pending (?ms, ?B)
[2026-06-14T15:22:35.654Z] GET https://italy-houses.onrender.com/img/35581453/13 → pending (?ms, ?B)
[2026-06-14T15:22:35.654Z] GET https://italy-houses.onrender.com/img/35581453/14 → pending (?ms, ?B)
[2026-06-14T15:22:35.654Z] GET https://italy-houses.onrender.com/img/35581453/15 → pending (?ms, ?B)
[2026-06-14T15:22:35.654Z] GET https://italy-houses.onrender.com/img/35581453/16 → pending (?ms, ?B)
[2026-06-14T15:22:35.654Z] GET https://italy-houses.onrender.com/img/35581453/17 → pending (?ms, ?B)
[2026-06-14T15:22:35.654Z] GET https://italy-houses.onrender.com/img/32756489/1 → 200 (3ms, 366126B)
[2026-06-14T15:22:35.654Z] GET https://italy-houses.onrender.com/img/32756489/2 → 200 (3ms, 409479B)
[2026-06-14T15:22:35.654Z] GET https://italy-houses.onrender.com/img/32756489/3 → 200 (3ms, 370862B)
[2026-06-14T15:22:35.654Z] GET https://italy-houses.onrender.com/img/32756489/4 → 200 (3ms, 580963B)
[2026-06-14T15:22:35.654Z] GET https://italy-houses.onrender.com/img/32756489/5 → 200 (3ms, 370470B)
[2026-06-14T15:22:35.654Z] GET https://italy-houses.onrender.com/img/32756489/6 → 200 (3ms, 474146B)
[2026-06-14T15:22:35.654Z] GET https://italy-houses.onrender.com/img/32756489/7 → 200 (3ms, 161482B)
[2026-06-14T15:22:35.654Z] GET https://italy-houses.onrender.com/img/32756489/8 → 200 (3ms, 275165B)
[2026-06-14T15:22:35.654Z] GET https://italy-houses.onrender.com/img/32756489/9 → 200 (4ms, 260575B)
[2026-06-14T15:22:35.654Z] GET https://italy-houses.onrender.com/img/32756489/10 → 200 (4ms, 148614B)
[2026-06-14T15:22:35.654Z] GET https://italy-houses.onrender.com/img/32756489/11 → 200 (4ms, 231298B)
[2026-06-14T15:22:35.654Z] GET https://italy-houses.onrender.com/img/32756489/12 → 200 (4ms, 178965B)
[2026-06-14T15:22:35.655Z] GET https://italy-houses.onrender.com/img/32756489/13 → 200 (3ms, 228499B)
[2026-06-14T15:22:35.655Z] GET https://italy-houses.onrender.com/img/32756489/14 → 200 (3ms, 265391B)
[2026-06-14T15:22:35.655Z] GET https://italy-houses.onrender.com/img/32756489/15 → 200 (3ms, 331423B)
[2026-06-14T15:22:35.655Z] GET https://italy-houses.onrender.com/img/32756489/16 → 200 (3ms, 175092B)
[2026-06-14T15:22:35.655Z] GET https://italy-houses.onrender.com/img/32756489/17 → 200 (3ms, 189617B)
[2026-06-14T15:22:35.655Z] GET https://italy-houses.onrender.com/img/27775756/1 → pending (?ms, ?B)
[2026-06-14T15:22:35.655Z] GET https://italy-houses.onrender.com/img/27775756/2 → pending (?ms, ?B)
[2026-06-14T15:22:35.655Z] GET https://italy-houses.onrender.com/img/27775756/3 → pending (?ms, ?B)
[2026-06-14T15:22:35.655Z] GET https://italy-houses.onrender.com/img/27775756/4 → pending (?ms, ?B)
[2026-06-14T15:22:35.655Z] GET https://italy-houses.onrender.com/img/27775756/5 → pending (?ms, ?B)
[2026-06-14T15:22:35.655Z] GET https://italy-houses.onrender.com/img/27775756/6 → pending (?ms, ?B)
[2026-06-14T15:22:35.655Z] GET https://italy-houses.onrender.com/img/27775756/7 → pending (?ms, ?B)
[2026-06-14T15:22:35.655Z] GET https://italy-houses.onrender.com/img/27775756/8 → pending (?ms, ?B)
[2026-06-14T15:22:35.655Z] GET https://italy-houses.onrender.com/img/27775756/9 → pending (?ms, ?B)
[2026-06-14T15:22:35.655Z] GET https://italy-houses.onrender.com/img/27775756/10 → pending (?ms, ?B)
[2026-06-14T15:22:35.655Z] GET https://italy-houses.onrender.com/img/27775756/11 → pending (?ms, ?B)
[2026-06-14T15:22:35.655Z] GET https://italy-houses.onrender.com/img/27775756/12 → pending (?ms, ?B)
[2026-06-14T15:22:35.655Z] GET https://italy-houses.onrender.com/img/27775756/13 → pending (?ms, ?B)
[2026-06-14T15:22:35.655Z] GET https://italy-houses.onrender.com/img/27775756/14 → pending (?ms, ?B)
[2026-06-14T15:22:35.655Z] GET https://italy-houses.onrender.com/img/27775756/15 → pending (?ms, ?B)
[2026-06-14T15:22:35.655Z] GET https://italy-houses.onrender.com/img/27775756/16 → pending (?ms, ?B)
[2026-06-14T15:22:35.655Z] GET https://italy-houses.onrender.com/img/27775756/17 → pending (?ms, ?B)
[2026-06-14T15:22:35.655Z] GET https://italy-houses.onrender.com/img/28357037/1 → 200 (3ms, 695078B)
[2026-06-14T15:22:35.655Z] GET https://italy-houses.onrender.com/img/28357037/2 → 200 (3ms, 604181B)
[2026-06-14T15:22:35.655Z] GET https://italy-houses.onrender.com/img/28357037/3 → 200 (3ms, 637029B)
[2026-06-14T15:22:35.655Z] GET https://italy-houses.onrender.com/img/28357037/4 → 200 (3ms, 566016B)
[2026-06-14T15:22:35.655Z] GET https://italy-houses.onrender.com/img/28357037/5 → 200 (3ms, 564594B)
[2026-06-14T15:22:35.655Z] GET https://italy-houses.onrender.com/img/28357037/6 → 200 (3ms, 533896B)
[2026-06-14T15:22:35.655Z] GET https://italy-houses.onrender.com/img/28357037/7 → 200 (3ms, 472396B)
[2026-06-14T15:22:35.655Z] GET https://italy-houses.onrender.com/img/28357037/8 → 200 (3ms, 583729B)
[2026-06-14T15:22:35.655Z] GET https://italy-houses.onrender.com/img/28357037/9 → 200 (3ms, 574543B)
[2026-06-14T15:22:35.655Z] GET https://italy-houses.onrender.com/img/28357037/10 → 200 (3ms, 570496B)
[2026-06-14T15:22:35.655Z] GET https://italy-houses.onrender.com/img/28357037/11 → 200 (3ms, 365888B)
[2026-06-14T15:22:35.655Z] GET https://italy-houses.onrender.com/img/28357037/12 → 200 (3ms, 337936B)
[2026-06-14T15:22:35.655Z] GET https://italy-houses.onrender.com/img/28357037/13 → 200 (3ms, 347218B)
[2026-06-14T15:22:35.655Z] GET https://italy-houses.onrender.com/img/28357037/14 → 200 (3ms, 258862B)
[2026-06-14T15:22:35.655Z] GET https://italy-houses.onrender.com/img/28357037/15 → 200 (4ms, 257006B)
[2026-06-14T15:22:35.655Z] GET https://italy-houses.onrender.com/img/28357037/16 → 200 (4ms, 201556B)
[2026-06-14T15:22:35.655Z] GET https://italy-houses.onrender.com/img/28357037/17 → 200 (4ms, 243632B)
[2026-06-14T15:22:35.655Z] GET https://italy-houses.onrender.com/img/35462624/1 → pending (?ms, ?B)
[2026-06-14T15:22:35.655Z] GET https://italy-houses.onrender.com/img/35462624/2 → pending (?ms, ?B)
[2026-06-14T15:22:35.655Z] GET https://italy-houses.onrender.com/img/35462624/3 → pending (?ms, ?B)
[2026-06-14T15:22:35.655Z] GET https://italy-houses.onrender.com/img/35462624/4 → pending (?ms, ?B)
[2026-06-14T15:22:35.655Z] GET https://italy-houses.onrender.com/img/35462624/5 → pending (?ms, ?B)
[2026-06-14T15:22:35.655Z] GET https://italy-houses.onrender.com/img/35462624/6 → pending (?ms, ?B)
[2026-06-14T15:22:35.655Z] GET https://italy-houses.onrender.com/img/35462624/7 → pending (?ms, ?B)
[2026-06-14T15:22:35.655Z] GET https://italy-houses.onrender.com/img/35462624/8 → pending (?ms, ?B)
[2026-06-14T15:22:35.655Z] GET https://italy-houses.onrender.com/img/35462624/9 → pending (?ms, ?B)
[2026-06-14T15:22:35.655Z] GET https://italy-houses.onrender.com/img/35462624/10 → pending (?ms, ?B)
[2026-06-14T15:22:35.655Z] GET https://italy-houses.onrender.com/img/35462624/11 → pending (?ms, ?B)
[2026-06-14T15:22:35.655Z] GET https://italy-houses.onrender.com/img/35462624/12 → pending (?ms, ?B)
[2026-06-14T15:22:35.655Z] GET https://italy-houses.onrender.com/img/35462624/13 → pending (?ms, ?B)
[2026-06-14T15:22:35.655Z] GET https://italy-houses.onrender.com/img/35462624/14 → pending (?ms, ?B)
[2026-06-14T15:22:35.655Z] GET https://italy-houses.onrender.com/img/35462624/15 → pending (?ms, ?B)
[2026-06-14T15:22:35.655Z] GET https://italy-houses.onrender.com/img/35462624/16 → pending (?ms, ?B)
[2026-06-14T15:22:35.655Z] GET https://italy-houses.onrender.com/img/35462624/17 → pending (?ms, ?B)
[2026-06-14T15:22:44.029Z] POST https://italy-houses.onrender.com/api/vote → pending (?ms, ?B)
[2026-06-14T15:22:50.588Z] GET https://italy-houses.onrender.com/api/listings → pending (?ms, ?B)
[2026-06-14T15:23:05.588Z] GET https://italy-houses.onrender.com/api/listings → pending (?ms, ?B)
[2026-06-14T15:23:20.588Z] GET https://italy-houses.onrender.com/api/listings → pending (?ms, ?B)
[2026-06-14T15:23:35.588Z] GET https://italy-houses.onrender.com/api/listings → pending (?ms, ?B)
[2026-06-14T15:23:50.588Z] GET https://italy-houses.onrender.com/api/listings → pending (?ms, ?B)
[2026-06-14T15:24:05.587Z] GET https://italy-houses.onrender.com/api/listings → pending (?ms, ?B)
[2026-06-14T15:24:20.588Z] GET https://italy-houses.onrender.com/api/listings → pending (?ms, ?B)
[2026-06-14T15:24:35.587Z] GET https://italy-houses.onrender.com/api/listings → pending (?ms, ?B)
[2026-06-14T15:24:50.587Z] GET https://italy-houses.onrender.com/api/listings → pending (?ms, ?B)
[2026-06-14T15:25:05.587Z] GET https://italy-houses.onrender.com/api/listings → pending (?ms, ?B)
[2026-06-14T15:25:20.588Z] GET https://italy-houses.onrender.com/api/listings → pending (?ms, ?B)
